<?xml version="1.0" encoding="UTF-8"?>
<!-- Generated by org.testng.reporters.JUnitReportReporter -->
<testsuite hostname="LAPTOP-LNS5QHEQ" failures="0" tests="1" name="co.interseed.qa.ui_test.LoginPageTest" time="3.924" errors="0" timestamp="2021-05-22T16:04:39 SGT" skipped="0">
  <testcase classname="co.interseed.qa.ui_test.LoginPageTest" name="LoginTest" time="3.924"/>
  <system-out/>
</testsuite> <!-- co.interseed.qa.ui_test.LoginPageTest -->
