<?xml version="1.0" encoding="UTF-8"?>
<!-- Generated by org.testng.reporters.JUnitReportReporter -->
<testsuite hostname="LAPTOP-LNS5QHEQ" failures="0" tests="2" name="co.interseed.qa.ui_test.RegisterPageTest" time="7.508" errors="0" timestamp="2021-05-22T16:03:24 SGT" skipped="0">
  <testcase classname="co.interseed.qa.ui_test.RegisterPageTest" name="RegisterButtonsTest" time="3.380"/>
  <system-out/>
  <testcase classname="co.interseed.qa.ui_test.RegisterPageTest" name="RegisterSanityTest" time="4.128"/>
  <system-out/>
</testsuite> <!-- co.interseed.qa.ui_test.RegisterPageTest -->
